2020-02-12 20:35:09,184 [main] INFO  org.jsmart.zerocode.core.utils.RunnerUtils - ### testClass : class zerotest.CallZeroApi
2020-02-12 20:35:09,760 [main] INFO  org.jsmart.zerocode.core.utils.RunnerUtils - ### testClass : class zerotest.CallZeroApi
2020-02-12 20:35:09,979 [main] INFO  org.jsmart.zerocode.core.utils.RunnerUtils - ### testClass : class zerotest.CallZeroApi
2020-02-12 20:35:10,004 [main] INFO  org.jsmart.zerocode.core.runner.ZeroCodeUnitRunner - System property zerocode.junit=null
2020-02-12 20:35:10,006 [main] INFO  org.jsmart.zerocode.core.runner.ZeroCodeUnitRunner - Running a pure JUnit test...
2020-02-12 20:35:10,035 [main] INFO  org.jsmart.zerocode.core.runner.ZeroCodeUnitRunner - JUnit *requestTimeStamp:2020-02-12T20:35:10.029, 
JUnit Request:
--------- TEST-STEP-CORRELATION-ID: ed674e6c-d3a3-43f2-bf94-b52966539e1f ---------
2020-02-12 20:35:11,557 [main] WARN  org.jsmart.zerocode.core.runner.ZeroCodeUnitRunner - JUnit test failed due to : java.lang.NullPointerException,  passed = false
2020-02-12 20:35:11,558 [main] INFO  org.jsmart.zerocode.core.runner.ZeroCodeUnitRunner - JUnit test run completed. See the results in the console or log.  passed = false
2020-02-12 20:35:11,558 [main] INFO  org.jsmart.zerocode.core.runner.ZeroCodeUnitRunner - JUnit *responseTimeStamp:2020-02-12T20:35:11.558, 
JUnit Response:
--------- TEST-STEP-CORRELATION-ID: ed674e6c-d3a3-43f2-bf94-b52966539e1f ---------
2020-02-12 20:35:11,733 [main] INFO  org.jsmart.zerocode.core.engine.listener.ZeroCodeTestReportListener - ### ZeroCode: Test run completed for this runner. Generating test reports and charts. More help and examples are available at the README in GitHub
2020-02-12 20:35:11,842 [main] INFO  org.jsmart.zerocode.core.domain.builders.ExtentReportsFactory - Where were the tests fired? Ans: OS:Mac OS X, Architecture:x86_64, Java:1.8.0_232, Vendor:AdoptOpenJDK
2020-02-15 20:58:12,307 [main] INFO  org.jsmart.zerocode.core.utils.RunnerUtils - ### testClass : class zerotest.CallZeroApi
2020-02-15 20:58:12,656 [main] INFO  org.jsmart.zerocode.core.utils.RunnerUtils - ### testClass : class zerotest.CallZeroApi
2020-02-15 20:58:12,767 [main] INFO  org.jsmart.zerocode.core.utils.RunnerUtils - ### testClass : class zerotest.CallZeroApi
2020-02-15 20:58:12,782 [main] INFO  org.jsmart.zerocode.core.runner.ZeroCodeUnitRunner - System property zerocode.junit=null
2020-02-15 20:58:12,784 [main] INFO  org.jsmart.zerocode.core.runner.ZeroCodeUnitRunner - Running a pure JUnit test...
2020-02-15 20:58:12,801 [main] INFO  org.jsmart.zerocode.core.runner.ZeroCodeUnitRunner - JUnit *requestTimeStamp:2020-02-15T20:58:12.796, 
JUnit Request:
--------- TEST-STEP-CORRELATION-ID: c3fdedac-4048-4723-90b5-d2ec3d45541a ---------
2020-02-15 20:58:13,421 [main] WARN  org.jsmart.zerocode.core.runner.ZeroCodeUnitRunner - JUnit test failed due to : java.lang.NullPointerException,  passed = false
2020-02-15 20:58:13,422 [main] INFO  org.jsmart.zerocode.core.runner.ZeroCodeUnitRunner - JUnit test run completed. See the results in the console or log.  passed = false
2020-02-15 20:58:13,423 [main] INFO  org.jsmart.zerocode.core.runner.ZeroCodeUnitRunner - JUnit *responseTimeStamp:2020-02-15T20:58:13.423, 
JUnit Response:
--------- TEST-STEP-CORRELATION-ID: c3fdedac-4048-4723-90b5-d2ec3d45541a ---------
2020-02-15 20:58:13,580 [main] INFO  org.jsmart.zerocode.core.engine.listener.ZeroCodeTestReportListener - ### ZeroCode: Test run completed for this runner. Generating test reports and charts. More help and examples are available at the README in GitHub
2020-02-15 20:58:13,832 [main] INFO  org.jsmart.zerocode.core.domain.builders.ExtentReportsFactory - Where were the tests fired? Ans: OS:Mac OS X, Architecture:x86_64, Java:1.8.0_232, Vendor:AdoptOpenJDK
2020-02-18 19:40:09,639 [main] WARN  org.apache.jmeter.util.JMeterUtils - Exception 'null' occurred when fetching boolean property:'server.exitaftertest', defaulting to: false
2020-02-18 19:40:09,642 [main] WARN  org.apache.jmeter.util.JMeterUtils - Exception 'null' occurred when fetching boolean property:'jmeterengine.remote.system.exit', defaulting to: false
2020-02-18 19:40:09,642 [main] WARN  org.apache.jmeter.util.JMeterUtils - Exception 'null' occurred when fetching boolean property:'jmeterengine.stopfail.system.exit', defaulting to: true
2020-02-18 19:40:09,642 [main] WARN  org.apache.jmeter.util.JMeterUtils - Exception 'null' occurred when fetching boolean property:'jmeterengine.force.system.exit', defaulting to: false
2020-02-18 19:40:09,646 [main] INFO  org.apache.jmeter.util.JMeterUtils - Setting Locale to en_US
2020-02-18 19:41:46,302 [main] WARN  org.apache.jmeter.util.JMeterUtils - Exception 'null' occurred when fetching boolean property:'server.exitaftertest', defaulting to: false
2020-02-18 19:41:46,304 [main] WARN  org.apache.jmeter.util.JMeterUtils - Exception 'null' occurred when fetching boolean property:'jmeterengine.remote.system.exit', defaulting to: false
2020-02-18 19:41:46,305 [main] WARN  org.apache.jmeter.util.JMeterUtils - Exception 'null' occurred when fetching boolean property:'jmeterengine.stopfail.system.exit', defaulting to: true
2020-02-18 19:41:46,305 [main] WARN  org.apache.jmeter.util.JMeterUtils - Exception 'null' occurred when fetching boolean property:'jmeterengine.force.system.exit', defaulting to: false
2020-02-18 19:41:46,310 [main] INFO  org.apache.jmeter.util.JMeterUtils - Setting Locale to en_US
2020-02-18 19:43:13,125 [main] WARN  org.apache.jmeter.util.JMeterUtils - Exception 'null' occurred when fetching boolean property:'server.exitaftertest', defaulting to: false
2020-02-18 19:43:13,127 [main] WARN  org.apache.jmeter.util.JMeterUtils - Exception 'null' occurred when fetching boolean property:'jmeterengine.remote.system.exit', defaulting to: false
2020-02-18 19:43:13,127 [main] WARN  org.apache.jmeter.util.JMeterUtils - Exception 'null' occurred when fetching boolean property:'jmeterengine.stopfail.system.exit', defaulting to: true
2020-02-18 19:43:13,127 [main] WARN  org.apache.jmeter.util.JMeterUtils - Exception 'null' occurred when fetching boolean property:'jmeterengine.force.system.exit', defaulting to: false
2020-02-18 19:43:13,132 [main] INFO  org.apache.jmeter.util.JMeterUtils - Setting Locale to en_US
2020-02-18 19:43:13,266 [main] INFO  org.apache.jmeter.save.SaveService - Testplan (JMX) version: 2.2. Testlog (JTL) version: 2.2
2020-02-18 19:43:13,285 [main] INFO  org.apache.jmeter.save.SaveService - Using SaveService properties file encoding UTF-8
2020-02-18 19:43:13,291 [main] WARN  org.apache.jmeter.save.SaveService - Can't register a converter: org.apache.jmeter.protocol.http.util.HTTPResultConverter
java.lang.ClassNotFoundException: org.apache.jmeter.protocol.http.util.HTTPResultConverter
	at java.net.URLClassLoader.findClass(URLClassLoader.java:382) ~[na:1.8.0_232]
	at java.lang.ClassLoader.loadClass(ClassLoader.java:418) ~[na:1.8.0_232]
	at sun.misc.Launcher$AppClassLoader.loadClass(Launcher.java:352) ~[na:1.8.0_232]
	at java.lang.ClassLoader.loadClass(ClassLoader.java:351) ~[na:1.8.0_232]
	at java.lang.Class.forName0(Native Method) ~[na:1.8.0_232]
	at java.lang.Class.forName(Class.java:264) ~[na:1.8.0_232]
	at org.apache.jmeter.save.SaveService.registerConverter(SaveService.java:285) [ApacheJMeter_core.jar:5.2.1]
	at org.apache.jmeter.save.SaveService.registerConverter(SaveService.java:260) [ApacheJMeter_core.jar:5.2.1]
	at org.apache.jmeter.save.SaveService.initProps(SaveService.java:246) [ApacheJMeter_core.jar:5.2.1]
	at org.apache.jmeter.save.SaveService.<clinit>(SaveService.java:165) [ApacheJMeter_core.jar:5.2.1]
	at zerotest.JMeterFromExistingJMX.main(JMeterFromExistingJMX.java:28) [classes/:na]
2020-02-18 19:43:13,291 [main] INFO  org.apache.jmeter.save.SaveService - Using SaveService properties version 5.0
2020-02-18 19:43:13,295 [main] WARN  org.apache.jmeter.save.SaveService - Can't register a converter: com.blazemeter.jmeter.citrix.sampler.CitrixSampleResultConverter
java.lang.ClassNotFoundException: com.blazemeter.jmeter.citrix.sampler.CitrixSampleResultConverter
	at java.net.URLClassLoader.findClass(URLClassLoader.java:382) ~[na:1.8.0_232]
	at java.lang.ClassLoader.loadClass(ClassLoader.java:418) ~[na:1.8.0_232]
	at sun.misc.Launcher$AppClassLoader.loadClass(Launcher.java:352) ~[na:1.8.0_232]
	at java.lang.ClassLoader.loadClass(ClassLoader.java:351) ~[na:1.8.0_232]
	at java.lang.Class.forName0(Native Method) ~[na:1.8.0_232]
	at java.lang.Class.forName(Class.java:264) ~[na:1.8.0_232]
	at org.apache.jmeter.save.SaveService.registerConverter(SaveService.java:285) [ApacheJMeter_core.jar:5.2.1]
	at org.apache.jmeter.save.SaveService.registerConverter(SaveService.java:260) [ApacheJMeter_core.jar:5.2.1]
	at org.apache.jmeter.save.SaveService.initProps(SaveService.java:246) [ApacheJMeter_core.jar:5.2.1]
	at org.apache.jmeter.save.SaveService.<clinit>(SaveService.java:165) [ApacheJMeter_core.jar:5.2.1]
	at zerotest.JMeterFromExistingJMX.main(JMeterFromExistingJMX.java:28) [classes/:na]
2020-02-18 19:43:13,297 [main] WARN  org.apache.jmeter.save.SaveService - Can't register a converter: org.apache.jmeter.protocol.http.sampler.HTTPSamplerBaseConverter
java.lang.ClassNotFoundException: org.apache.jmeter.protocol.http.sampler.HTTPSamplerBaseConverter
	at java.net.URLClassLoader.findClass(URLClassLoader.java:382) ~[na:1.8.0_232]
	at java.lang.ClassLoader.loadClass(ClassLoader.java:418) ~[na:1.8.0_232]
	at sun.misc.Launcher$AppClassLoader.loadClass(Launcher.java:352) ~[na:1.8.0_232]
	at java.lang.ClassLoader.loadClass(ClassLoader.java:351) ~[na:1.8.0_232]
	at java.lang.Class.forName0(Native Method) ~[na:1.8.0_232]
	at java.lang.Class.forName(Class.java:264) ~[na:1.8.0_232]
	at org.apache.jmeter.save.SaveService.registerConverter(SaveService.java:285) [ApacheJMeter_core.jar:5.2.1]
	at org.apache.jmeter.save.SaveService.registerConverter(SaveService.java:260) [ApacheJMeter_core.jar:5.2.1]
	at org.apache.jmeter.save.SaveService.initProps(SaveService.java:246) [ApacheJMeter_core.jar:5.2.1]
	at org.apache.jmeter.save.SaveService.<clinit>(SaveService.java:165) [ApacheJMeter_core.jar:5.2.1]
	at zerotest.JMeterFromExistingJMX.main(JMeterFromExistingJMX.java:28) [classes/:na]
2020-02-18 19:43:13,299 [main] INFO  org.apache.jmeter.save.SaveService - Loading file: /Users/kamlesh.patel/kam/jmetersciprt/cpuloadtest.jmx
2020-02-18 19:44:40,382 [main] WARN  org.apache.jmeter.util.JMeterUtils - Exception 'null' occurred when fetching boolean property:'server.exitaftertest', defaulting to: false
2020-02-18 19:44:40,384 [main] WARN  org.apache.jmeter.util.JMeterUtils - Exception 'null' occurred when fetching boolean property:'jmeterengine.remote.system.exit', defaulting to: false
2020-02-18 19:44:40,384 [main] WARN  org.apache.jmeter.util.JMeterUtils - Exception 'null' occurred when fetching boolean property:'jmeterengine.stopfail.system.exit', defaulting to: true
2020-02-18 19:44:40,384 [main] WARN  org.apache.jmeter.util.JMeterUtils - Exception 'null' occurred when fetching boolean property:'jmeterengine.force.system.exit', defaulting to: false
2020-02-18 19:44:40,388 [main] INFO  org.apache.jmeter.util.JMeterUtils - Setting Locale to en_US
2020-02-18 19:44:40,523 [main] INFO  org.apache.jmeter.save.SaveService - Testplan (JMX) version: 2.2. Testlog (JTL) version: 2.2
2020-02-18 19:44:40,543 [main] INFO  org.apache.jmeter.save.SaveService - Using SaveService properties file encoding UTF-8
2020-02-18 19:44:40,546 [main] INFO  org.apache.jmeter.save.SaveService - Using SaveService properties version 5.0
2020-02-18 19:44:40,554 [main] WARN  org.apache.jmeter.save.SaveService - Can't register a converter: com.blazemeter.jmeter.citrix.sampler.CitrixSampleResultConverter
java.lang.ClassNotFoundException: com.blazemeter.jmeter.citrix.sampler.CitrixSampleResultConverter
	at java.net.URLClassLoader.findClass(URLClassLoader.java:382) ~[na:1.8.0_232]
	at java.lang.ClassLoader.loadClass(ClassLoader.java:418) ~[na:1.8.0_232]
	at sun.misc.Launcher$AppClassLoader.loadClass(Launcher.java:352) ~[na:1.8.0_232]
	at java.lang.ClassLoader.loadClass(ClassLoader.java:351) ~[na:1.8.0_232]
	at java.lang.Class.forName0(Native Method) ~[na:1.8.0_232]
	at java.lang.Class.forName(Class.java:264) ~[na:1.8.0_232]
	at org.apache.jmeter.save.SaveService.registerConverter(SaveService.java:285) [ApacheJMeter_core.jar:5.2.1]
	at org.apache.jmeter.save.SaveService.registerConverter(SaveService.java:260) [ApacheJMeter_core.jar:5.2.1]
	at org.apache.jmeter.save.SaveService.initProps(SaveService.java:246) [ApacheJMeter_core.jar:5.2.1]
	at org.apache.jmeter.save.SaveService.<clinit>(SaveService.java:165) [ApacheJMeter_core.jar:5.2.1]
	at zerotest.JMeterFromExistingJMX.main(JMeterFromExistingJMX.java:28) [classes/:na]
2020-02-18 19:44:40,558 [main] INFO  org.apache.jmeter.save.SaveService - Loading file: /Users/kamlesh.patel/kam/jmetersciprt/cpuloadtest.jmx
2020-02-18 19:45:35,092 [main] WARN  org.apache.jmeter.util.JMeterUtils - Exception 'null' occurred when fetching boolean property:'server.exitaftertest', defaulting to: false
2020-02-18 19:45:35,095 [main] WARN  org.apache.jmeter.util.JMeterUtils - Exception 'null' occurred when fetching boolean property:'jmeterengine.remote.system.exit', defaulting to: false
2020-02-18 19:45:35,095 [main] WARN  org.apache.jmeter.util.JMeterUtils - Exception 'null' occurred when fetching boolean property:'jmeterengine.stopfail.system.exit', defaulting to: true
2020-02-18 19:45:35,095 [main] WARN  org.apache.jmeter.util.JMeterUtils - Exception 'null' occurred when fetching boolean property:'jmeterengine.force.system.exit', defaulting to: false
2020-02-18 19:45:35,100 [main] INFO  org.apache.jmeter.util.JMeterUtils - Setting Locale to en_US
2020-02-18 19:45:35,232 [main] INFO  org.apache.jmeter.save.SaveService - Testplan (JMX) version: 2.2. Testlog (JTL) version: 2.2
2020-02-18 19:45:35,250 [main] INFO  org.apache.jmeter.save.SaveService - Using SaveService properties file encoding UTF-8
2020-02-18 19:45:35,255 [main] INFO  org.apache.jmeter.save.SaveService - Using SaveService properties version 5.0
2020-02-18 19:45:35,263 [main] WARN  org.apache.jmeter.save.SaveService - Can't register a converter: com.blazemeter.jmeter.citrix.sampler.CitrixSampleResultConverter
java.lang.ClassNotFoundException: com.blazemeter.jmeter.citrix.sampler.CitrixSampleResultConverter
	at java.net.URLClassLoader.findClass(URLClassLoader.java:382) ~[na:1.8.0_232]
	at java.lang.ClassLoader.loadClass(ClassLoader.java:418) ~[na:1.8.0_232]
	at sun.misc.Launcher$AppClassLoader.loadClass(Launcher.java:352) ~[na:1.8.0_232]
	at java.lang.ClassLoader.loadClass(ClassLoader.java:351) ~[na:1.8.0_232]
	at java.lang.Class.forName0(Native Method) ~[na:1.8.0_232]
	at java.lang.Class.forName(Class.java:264) ~[na:1.8.0_232]
	at org.apache.jmeter.save.SaveService.registerConverter(SaveService.java:285) [ApacheJMeter_core.jar:5.2.1]
	at org.apache.jmeter.save.SaveService.registerConverter(SaveService.java:260) [ApacheJMeter_core.jar:5.2.1]
	at org.apache.jmeter.save.SaveService.initProps(SaveService.java:246) [ApacheJMeter_core.jar:5.2.1]
	at org.apache.jmeter.save.SaveService.<clinit>(SaveService.java:165) [ApacheJMeter_core.jar:5.2.1]
	at zerotest.JMeterFromExistingJMX.main(JMeterFromExistingJMX.java:28) [classes/:na]
2020-02-18 19:45:35,266 [main] INFO  org.apache.jmeter.save.SaveService - Loading file: /Users/kamlesh.patel/kam/jmeterscript/cpuloadtest.jmx
